<?xml version="1.0" encoding="UTF-8"?>
<!-- Generated by org.testng.reporters.JUnitReportReporter -->
<testsuite hostname="LAPTOP-D6EH55C7" failures="0" tests="2" name="testCases.LoginTest" time="14.084" errors="0" timestamp="2023-09-01T11:12:34 IST" skipped="0">
  <testcase classname="testCases.LoginTest" name="loginToApplication" time="8.520"/>
  <testcase classname="testCases.LoginTest" name="loginToApplication" time="5.564"/>
</testsuite> <!-- testCases.LoginTest -->
