<?xml version="1.0" encoding="UTF-8"?>
<!-- Generated by org.testng.reporters.JUnitReportReporter -->
<testsuite hostname="LAPTOP-D6EH55C7" failures="0" tests="2" name="testCases.LoginTest" time="9.827" errors="0" timestamp="2023-09-12T15:08:41 IST" skipped="0">
  <testcase classname="testCases.LoginTest" name="loginToApplication" time="3.364"/>
  <system-out/>
  <testcase classname="testCases.LoginTest" name="loginToApplication" time="6.463"/>
  <system-out/>
</testsuite> <!-- testCases.LoginTest -->
